<?xml version="1.0" encoding="UTF-8"?>
<!-- Generated by org.testng.reporters.JUnitReportReporter -->
<testsuite hostname="TP490" failures="0" tests="1" name="runner.RunnerFile" time="6.636" errors="0" timestamp="2024-07-23T17:08:04 IST" skipped="0">
  <testcase classname="runner.RunnerFile" name="runScenario" time="6.636"/>
  <system-out/>
</testsuite> <!-- runner.RunnerFile -->
